<?xml version="1.0" encoding="UTF-8"?>
<!-- Generated by org.testng.reporters.JUnitReportReporter -->
<testsuite hostname="LAPTOP-94BRGR1T" failures="0" tests="1" name="FirstRstAPI.get_headervalidation" time="2.235" errors="0" timestamp="2022-01-12T15:39:28 IST" skipped="0">
  <testcase classname="FirstRstAPI.get_headervalidation" name="headrs" time="2.235"/>
  <system-out/>
</testsuite> <!-- FirstRstAPI.get_headervalidation -->
