<?xml version="1.0" encoding="UTF-8"?>
<!-- Generated by org.testng.reporters.JUnitReportReporter -->
<testsuite hostname="LAPTOP-94BRGR1T" failures="0" tests="1" name="FirstRstAPI.getreq" time="2.938" errors="0" timestamp="2022-01-13T11:33:50 IST" skipped="0">
  <testcase classname="FirstRstAPI.getreq" name="getweatherdetails" time="2.938"/>
  <system-out/>
</testsuite> <!-- FirstRstAPI.getreq -->
