<?xml version="1.0" encoding="UTF-8"?>
<!-- Generated by org.testng.reporters.JUnitReportReporter -->
<testsuite hostname="LAPTOP-94BRGR1T" failures="0" tests="1" name="FirstRstAPI.jsnresponse_body_verification" time="3.052" errors="0" timestamp="2022-01-12T21:38:32 IST" skipped="0">
  <testcase classname="FirstRstAPI.jsnresponse_body_verification" name="resp_body" time="3.052"/>
  <system-out/>
</testsuite> <!-- FirstRstAPI.jsnresponse_body_verification -->
