<?xml version="1.0" encoding="UTF-8"?>
<!-- Generated by org.testng.reporters.JUnitReportReporter -->
<testsuite hostname="LAPTOP-94BRGR1T" failures="0" tests="3" name="FirstRstAPI.tst" time="0.009" errors="0" timestamp="2022-01-27T01:11:37 IST" skipped="0">
  <testcase classname="FirstRstAPI.tst" name="printMethod" time="0.006"/>
  <system-out/>
  <testcase classname="FirstRstAPI.tst" name="showMethod" time="0.002"/>
  <system-out/>
  <testcase classname="FirstRstAPI.tst" name="amroodMethod" time="0.001"/>
  <system-out/>
</testsuite> <!-- FirstRstAPI.tst -->
