<?xml version="1.0" encoding="UTF-8"?>
<!-- Generated by org.testng.reporters.JUnitReportReporter -->
<testsuite hostname="LAPTOP-94BRGR1T" failures="0" tests="1" name="FirstRstAPI.pstreq" time="2.625" errors="0" timestamp="2022-01-12T13:27:53 IST" skipped="0">
  <testcase classname="FirstRstAPI.pstreq" name="postusercreation" time="2.625"/>
  <system-out/>
</testsuite> <!-- FirstRstAPI.pstreq -->
