<?xml version="1.0" encoding="UTF-8"?>
<!-- Generated by org.testng.reporters.JUnitReportReporter -->
<testsuite hostname="LAPTOP-94BRGR1T" failures="0" tests="1" name="FirstRstAPI.getallheader" time="2.264" errors="0" timestamp="2022-01-17T20:34:06 IST" skipped="0">
  <testcase classname="FirstRstAPI.getallheader" name="headrs" time="2.264"/>
  <system-out/>
</testsuite> <!-- FirstRstAPI.getallheader -->
