<?xml version="1.0" encoding="UTF-8"?>
<!-- Generated by org.testng.reporters.JUnitReportReporter -->
<testsuite hostname="LAPTOP-94BRGR1T" failures="0" tests="1" name="scndRstAPI.Pstreq" time="2.146" errors="0" timestamp="2022-01-17T14:10:50 IST" skipped="0">
  <testcase classname="scndRstAPI.Pstreq" name="data" time="2.146"/>
  <system-out/>
</testsuite> <!-- scndRstAPI.Pstreq -->
